Traceback (most recent call last):
  File "/Users/januswing/opt/anaconda3/envs/py37/lib/python3.7/site-packages/jupyter_cache/executors/utils.py", line 56, in single_nb_execution
    record_timing=False,
  File "/Users/januswing/opt/anaconda3/envs/py37/lib/python3.7/site-packages/nbclient/client.py", line 1093, in execute
    return NotebookClient(nb=nb, resources=resources, km=km, **kwargs).execute()
  File "/Users/januswing/opt/anaconda3/envs/py37/lib/python3.7/site-packages/nbclient/util.py", line 84, in wrapped
    return just_run(coro(*args, **kwargs))
  File "/Users/januswing/opt/anaconda3/envs/py37/lib/python3.7/site-packages/nbclient/util.py", line 62, in just_run
    return loop.run_until_complete(coro)
  File "/Users/januswing/opt/anaconda3/envs/py37/lib/python3.7/asyncio/base_events.py", line 587, in run_until_complete
    return future.result()
  File "/Users/januswing/opt/anaconda3/envs/py37/lib/python3.7/site-packages/nbclient/client.py", line 560, in async_execute
    cell, index, execution_count=self.code_cells_executed + 1
  File "/Users/januswing/opt/anaconda3/envs/py37/lib/python3.7/site-packages/nbclient/client.py", line 854, in async_execute_cell
    self._check_raise_for_error(cell, exec_reply)
  File "/Users/januswing/opt/anaconda3/envs/py37/lib/python3.7/site-packages/nbclient/client.py", line 756, in _check_raise_for_error
    raise CellExecutionError.from_cell_and_msg(cell, exec_reply_content)
nbclient.exceptions.CellExecutionError: An error occurred while executing the following cell:
------------------
# 数据采集运行
para = []
threads = []
maxThreads = 10 # 并发数
q = queue.Queue(maxThreads)
pages = range(start_page - 1, end_page)
for page in pages:  # loop cityname
    param = {'page': page}
    q.put(param)
    thread = FactorizeThread(param, q)
    thread.start()
    threads.append(thread)
q.join()
------------------

[0;31m---------------------------------------------------------------------------[0m
[0;31mKeyboardInterrupt[0m                         Traceback (most recent call last)
[0;32m/var/folders/f1/7mnps7y90y5gt1sb3_rjwrqm0000gn/T/ipykernel_94396/2249051217.py[0m in [0;36m<module>[0;34m[0m
[1;32m     11[0m     [0mthread[0m[0;34m.[0m[0mstart[0m[0;34m([0m[0;34m)[0m[0;34m[0m[0;34m[0m[0m
[1;32m     12[0m     [0mthreads[0m[0;34m.[0m[0mappend[0m[0;34m([0m[0mthread[0m[0;34m)[0m[0;34m[0m[0;34m[0m[0m
[0;32m---> 13[0;31m [0mq[0m[0;34m.[0m[0mjoin[0m[0;34m([0m[0;34m)[0m[0;34m[0m[0;34m[0m[0m
[0m
[0;32m~/opt/anaconda3/envs/py37/lib/python3.7/queue.py[0m in [0;36mjoin[0;34m(self)[0m
[1;32m     87[0m         [0;32mwith[0m [0mself[0m[0;34m.[0m[0mall_tasks_done[0m[0;34m:[0m[0;34m[0m[0;34m[0m[0m
[1;32m     88[0m             [0;32mwhile[0m [0mself[0m[0;34m.[0m[0munfinished_tasks[0m[0;34m:[0m[0;34m[0m[0;34m[0m[0m
[0;32m---> 89[0;31m                 [0mself[0m[0;34m.[0m[0mall_tasks_done[0m[0;34m.[0m[0mwait[0m[0;34m([0m[0;34m)[0m[0;34m[0m[0;34m[0m[0m
[0m[1;32m     90[0m [0;34m[0m[0m
[1;32m     91[0m     [0;32mdef[0m [0mqsize[0m[0;34m([0m[0mself[0m[0;34m)[0m[0;34m:[0m[0;34m[0m[0;34m[0m[0m

[0;32m~/opt/anaconda3/envs/py37/lib/python3.7/threading.py[0m in [0;36mwait[0;34m(self, timeout)[0m
[1;32m    294[0m         [0;32mtry[0m[0;34m:[0m    [0;31m# restore state no matter what (e.g., KeyboardInterrupt)[0m[0;34m[0m[0;34m[0m[0m
[1;32m    295[0m             [0;32mif[0m [0mtimeout[0m [0;32mis[0m [0;32mNone[0m[0;34m:[0m[0;34m[0m[0;34m[0m[0m
[0;32m--> 296[0;31m                 [0mwaiter[0m[0;34m.[0m[0macquire[0m[0;34m([0m[0;34m)[0m[0;34m[0m[0;34m[0m[0m
[0m[1;32m    297[0m                 [0mgotit[0m [0;34m=[0m [0;32mTrue[0m[0;34m[0m[0;34m[0m[0m
[1;32m    298[0m             [0;32melse[0m[0;34m:[0m[0;34m[0m[0;34m[0m[0m

[0;31mKeyboardInterrupt[0m: 
KeyboardInterrupt: 

